[debug] [2023-06-19T15:57:55.232Z] ----------------------------------------------------------------------
[debug] [2023-06-19T15:57:55.235Z] Command:       D:\Node JS\node.exe C:\Users\Jabilo Jose\AppData\Roaming\npm\node_modules\firebase-tools\lib\bin\firebase.js init hosting
[debug] [2023-06-19T15:57:55.235Z] CLI Version:   12.4.0
[debug] [2023-06-19T15:57:55.236Z] Platform:      win32
[debug] [2023-06-19T15:57:55.236Z] Node Version:  v18.13.0
[debug] [2023-06-19T15:57:55.237Z] Time:          Mon Jun 19 2023 21:27:55 GMT+0530 (India Standard Time)
[debug] [2023-06-19T15:57:55.237Z] ----------------------------------------------------------------------
[debug] 
[debug] [2023-06-19T15:57:55.245Z] > command requires scopes: ["email","openid","https://www.googleapis.com/auth/cloudplatformprojects.readonly","https://www.googleapis.com/auth/firebase","https://www.googleapis.com/auth/cloud-platform"]
[debug] [2023-06-19T15:57:55.246Z] > authorizing via signed-in user (jabilo.2002@gmail.com)
[info] 
     ######## #### ########  ######## ########     ###     ######  ########
     ##        ##  ##     ## ##       ##     ##  ##   ##  ##       ##
     ######    ##  ########  ######   ########  #########  ######  ######
     ##        ##  ##    ##  ##       ##     ## ##     ##       ## ##
     ##       #### ##     ## ######## ########  ##     ##  ######  ########

You're about to initialize a Firebase project in this directory:

  D:\MERN_STACK_WEB_APP\quick-chat-app

[info] 
=== Project Setup
[info] 
[info] First, let's associate this project directory with a Firebase project.
[info] You can create multiple project aliases by running firebase use --add, 
[info] but for now we'll just set up a default project.
[info] 
[debug] [2023-06-19T15:58:07.305Z] >>> [apiv2][query] GET https://firebase.googleapis.com/v1beta1/projects pageSize=100
[debug] [2023-06-19T15:58:08.402Z] <<< [apiv2][status] GET https://firebase.googleapis.com/v1beta1/projects 200
[debug] [2023-06-19T15:58:08.403Z] <<< [apiv2][body] GET https://firebase.googleapis.com/v1beta1/projects [omitted]
